[2025-09-19T17:01:42.681+0000] {local_task_job_runner.py:120} INFO - ::group::Pre task execution logs
[2025-09-19T17:01:42.708+0000] {taskinstance.py:2076} INFO - Dependencies all met for dep_context=non-requeueable deps ti=<TaskInstance: mayo_pipeline.build_labels manual__2025-09-19T17:01:33.407937+00:00 [queued]>
[2025-09-19T17:01:42.716+0000] {taskinstance.py:2076} INFO - Dependencies all met for dep_context=requeueable deps ti=<TaskInstance: mayo_pipeline.build_labels manual__2025-09-19T17:01:33.407937+00:00 [queued]>
[2025-09-19T17:01:42.717+0000] {taskinstance.py:2306} INFO - Starting attempt 1 of 1
[2025-09-19T17:01:42.729+0000] {taskinstance.py:2330} INFO - Executing <Task(BashOperator): build_labels> on 2025-09-19 17:01:33.407937+00:00
[2025-09-19T17:01:42.733+0000] {standard_task_runner.py:63} INFO - Started process 232 to run task
[2025-09-19T17:01:42.736+0000] {standard_task_runner.py:90} INFO - Running: ['***', 'tasks', 'run', 'mayo_pipeline', 'build_labels', 'manual__2025-09-19T17:01:33.407937+00:00', '--job-id', '6', '--raw', '--subdir', 'DAGS_FOLDER/mayo_pipeline.py', '--cfg-path', '/tmp/tmp1elu_ywb']
[2025-09-19T17:01:42.738+0000] {standard_task_runner.py:91} INFO - Job 6: Subtask build_labels
[2025-09-19T17:01:42.797+0000] {task_command.py:426} INFO - Running <TaskInstance: mayo_pipeline.build_labels manual__2025-09-19T17:01:33.407937+00:00 [running]> on host e345aeeb9fae
[2025-09-19T17:01:42.867+0000] {taskinstance.py:2648} INFO - Exporting env vars: AIRFLOW_CTX_DAG_OWNER='you' AIRFLOW_CTX_DAG_ID='mayo_pipeline' AIRFLOW_CTX_TASK_ID='build_labels' AIRFLOW_CTX_EXECUTION_DATE='2025-09-19T17:01:33.407937+00:00' AIRFLOW_CTX_TRY_NUMBER='1' AIRFLOW_CTX_DAG_RUN_ID='manual__2025-09-19T17:01:33.407937+00:00'
[2025-09-19T17:01:42.868+0000] {taskinstance.py:430} INFO - ::endgroup::
[2025-09-19T17:01:42.880+0000] {subprocess.py:63} INFO - Tmp dir root location: /tmp
[2025-09-19T17:01:42.882+0000] {subprocess.py:75} INFO - Running command: ['/usr/bin/bash', '-c', "/bin/bash -lc 'set -euo pipefail; echo BUILD_LABELS && sleep 1'"]
[2025-09-19T17:01:42.889+0000] {subprocess.py:86} INFO - Output:
[2025-09-19T17:01:42.896+0000] {subprocess.py:93} INFO - BUILD_LABELS
[2025-09-19T17:01:43.898+0000] {subprocess.py:97} INFO - Command exited with return code 0
[2025-09-19T17:01:43.900+0000] {taskinstance.py:441} INFO - ::group::Post task execution logs
[2025-09-19T17:01:44.041+0000] {taskinstance.py:1206} INFO - Marking task as SUCCESS. dag_id=mayo_pipeline, task_id=build_labels, run_id=manual__2025-09-19T17:01:33.407937+00:00, execution_date=20250919T170133, start_date=20250919T170142, end_date=20250919T170144
[2025-09-19T17:01:44.076+0000] {local_task_job_runner.py:240} INFO - Task exited with return code 0
[2025-09-19T17:01:44.094+0000] {taskinstance.py:3503} INFO - 1 downstream tasks scheduled from follow-on schedule check
[2025-09-19T17:01:44.097+0000] {local_task_job_runner.py:222} INFO - ::endgroup::
