[2025-09-19T17:01:40.542+0000] {local_task_job_runner.py:120} INFO - ::group::Pre task execution logs
[2025-09-19T17:01:40.568+0000] {taskinstance.py:2076} INFO - Dependencies all met for dep_context=non-requeueable deps ti=<TaskInstance: mayo_pipeline.build_features manual__2025-09-19T17:01:33.407937+00:00 [queued]>
[2025-09-19T17:01:40.575+0000] {taskinstance.py:2076} INFO - Dependencies all met for dep_context=requeueable deps ti=<TaskInstance: mayo_pipeline.build_features manual__2025-09-19T17:01:33.407937+00:00 [queued]>
[2025-09-19T17:01:40.577+0000] {taskinstance.py:2306} INFO - Starting attempt 1 of 1
[2025-09-19T17:01:40.588+0000] {taskinstance.py:2330} INFO - Executing <Task(BashOperator): build_features> on 2025-09-19 17:01:33.407937+00:00
[2025-09-19T17:01:40.592+0000] {standard_task_runner.py:63} INFO - Started process 227 to run task
[2025-09-19T17:01:40.595+0000] {standard_task_runner.py:90} INFO - Running: ['***', 'tasks', 'run', 'mayo_pipeline', 'build_features', 'manual__2025-09-19T17:01:33.407937+00:00', '--job-id', '5', '--raw', '--subdir', 'DAGS_FOLDER/mayo_pipeline.py', '--cfg-path', '/tmp/tmp24imk0ar']
[2025-09-19T17:01:40.597+0000] {standard_task_runner.py:91} INFO - Job 5: Subtask build_features
[2025-09-19T17:01:40.660+0000] {task_command.py:426} INFO - Running <TaskInstance: mayo_pipeline.build_features manual__2025-09-19T17:01:33.407937+00:00 [running]> on host e345aeeb9fae
[2025-09-19T17:01:40.728+0000] {taskinstance.py:2648} INFO - Exporting env vars: AIRFLOW_CTX_DAG_OWNER='you' AIRFLOW_CTX_DAG_ID='mayo_pipeline' AIRFLOW_CTX_TASK_ID='build_features' AIRFLOW_CTX_EXECUTION_DATE='2025-09-19T17:01:33.407937+00:00' AIRFLOW_CTX_TRY_NUMBER='1' AIRFLOW_CTX_DAG_RUN_ID='manual__2025-09-19T17:01:33.407937+00:00'
[2025-09-19T17:01:40.729+0000] {taskinstance.py:430} INFO - ::endgroup::
[2025-09-19T17:01:40.740+0000] {subprocess.py:63} INFO - Tmp dir root location: /tmp
[2025-09-19T17:01:40.742+0000] {subprocess.py:75} INFO - Running command: ['/usr/bin/bash', '-c', "/bin/bash -lc 'set -euo pipefail; echo BUILD_FEATURES && sleep 1'"]
[2025-09-19T17:01:40.750+0000] {subprocess.py:86} INFO - Output:
[2025-09-19T17:01:40.756+0000] {subprocess.py:93} INFO - BUILD_FEATURES
[2025-09-19T17:01:41.759+0000] {subprocess.py:97} INFO - Command exited with return code 0
[2025-09-19T17:01:41.761+0000] {taskinstance.py:441} INFO - ::group::Post task execution logs
[2025-09-19T17:01:41.926+0000] {taskinstance.py:1206} INFO - Marking task as SUCCESS. dag_id=mayo_pipeline, task_id=build_features, run_id=manual__2025-09-19T17:01:33.407937+00:00, execution_date=20250919T170133, start_date=20250919T170140, end_date=20250919T170141
[2025-09-19T17:01:41.976+0000] {local_task_job_runner.py:240} INFO - Task exited with return code 0
[2025-09-19T17:01:42.000+0000] {taskinstance.py:3503} INFO - 1 downstream tasks scheduled from follow-on schedule check
[2025-09-19T17:01:42.003+0000] {local_task_job_runner.py:222} INFO - ::endgroup::
