[2025-09-19T17:01:44.816+0000] {local_task_job_runner.py:120} INFO - ::group::Pre task execution logs
[2025-09-19T17:01:44.841+0000] {taskinstance.py:2076} INFO - Dependencies all met for dep_context=non-requeueable deps ti=<TaskInstance: mayo_pipeline.train_lr manual__2025-09-19T17:01:33.407937+00:00 [queued]>
[2025-09-19T17:01:44.848+0000] {taskinstance.py:2076} INFO - Dependencies all met for dep_context=requeueable deps ti=<TaskInstance: mayo_pipeline.train_lr manual__2025-09-19T17:01:33.407937+00:00 [queued]>
[2025-09-19T17:01:44.850+0000] {taskinstance.py:2306} INFO - Starting attempt 1 of 1
[2025-09-19T17:01:44.864+0000] {taskinstance.py:2330} INFO - Executing <Task(BashOperator): train_lr> on 2025-09-19 17:01:33.407937+00:00
[2025-09-19T17:01:44.868+0000] {standard_task_runner.py:63} INFO - Started process 237 to run task
[2025-09-19T17:01:44.871+0000] {standard_task_runner.py:90} INFO - Running: ['***', 'tasks', 'run', 'mayo_pipeline', 'train_lr', 'manual__2025-09-19T17:01:33.407937+00:00', '--job-id', '7', '--raw', '--subdir', 'DAGS_FOLDER/mayo_pipeline.py', '--cfg-path', '/tmp/tmpgo28dz8p']
[2025-09-19T17:01:44.873+0000] {standard_task_runner.py:91} INFO - Job 7: Subtask train_lr
[2025-09-19T17:01:44.931+0000] {task_command.py:426} INFO - Running <TaskInstance: mayo_pipeline.train_lr manual__2025-09-19T17:01:33.407937+00:00 [running]> on host e345aeeb9fae
[2025-09-19T17:01:45.006+0000] {taskinstance.py:2648} INFO - Exporting env vars: AIRFLOW_CTX_DAG_OWNER='you' AIRFLOW_CTX_DAG_ID='mayo_pipeline' AIRFLOW_CTX_TASK_ID='train_lr' AIRFLOW_CTX_EXECUTION_DATE='2025-09-19T17:01:33.407937+00:00' AIRFLOW_CTX_TRY_NUMBER='1' AIRFLOW_CTX_DAG_RUN_ID='manual__2025-09-19T17:01:33.407937+00:00'
[2025-09-19T17:01:45.007+0000] {taskinstance.py:430} INFO - ::endgroup::
[2025-09-19T17:01:45.019+0000] {subprocess.py:63} INFO - Tmp dir root location: /tmp
[2025-09-19T17:01:45.020+0000] {subprocess.py:75} INFO - Running command: ['/usr/bin/bash', '-c', "/bin/bash -lc 'set -euo pipefail; echo TRAIN_LR && sleep 1'"]
[2025-09-19T17:01:45.028+0000] {subprocess.py:86} INFO - Output:
[2025-09-19T17:01:45.033+0000] {subprocess.py:93} INFO - TRAIN_LR
[2025-09-19T17:01:46.036+0000] {subprocess.py:97} INFO - Command exited with return code 0
[2025-09-19T17:01:46.038+0000] {taskinstance.py:441} INFO - ::group::Post task execution logs
[2025-09-19T17:01:46.188+0000] {taskinstance.py:1206} INFO - Marking task as SUCCESS. dag_id=mayo_pipeline, task_id=train_lr, run_id=manual__2025-09-19T17:01:33.407937+00:00, execution_date=20250919T170133, start_date=20250919T170144, end_date=20250919T170146
[2025-09-19T17:01:46.212+0000] {local_task_job_runner.py:240} INFO - Task exited with return code 0
[2025-09-19T17:01:46.227+0000] {taskinstance.py:3503} INFO - 0 downstream tasks scheduled from follow-on schedule check
[2025-09-19T17:01:46.230+0000] {local_task_job_runner.py:222} INFO - ::endgroup::
