[2025-09-19T16:28:15.676+0000] {local_task_job_runner.py:120} INFO - ::group::Pre task execution logs
[2025-09-19T16:28:15.709+0000] {taskinstance.py:2076} INFO - Dependencies all met for dep_context=non-requeueable deps ti=<TaskInstance: mayo_pipeline.etl_vitals manual__2025-09-19T16:28:14.419646+00:00 [queued]>
[2025-09-19T16:28:15.719+0000] {taskinstance.py:2076} INFO - Dependencies all met for dep_context=requeueable deps ti=<TaskInstance: mayo_pipeline.etl_vitals manual__2025-09-19T16:28:14.419646+00:00 [queued]>
[2025-09-19T16:28:15.720+0000] {taskinstance.py:2306} INFO - Starting attempt 1 of 1
[2025-09-19T16:28:15.734+0000] {taskinstance.py:2330} INFO - Executing <Task(BashOperator): etl_vitals> on 2025-09-19 16:28:14.419646+00:00
[2025-09-19T16:28:15.741+0000] {standard_task_runner.py:63} INFO - Started process 187 to run task
[2025-09-19T16:28:15.745+0000] {standard_task_runner.py:90} INFO - Running: ['***', 'tasks', 'run', 'mayo_pipeline', 'etl_vitals', 'manual__2025-09-19T16:28:14.419646+00:00', '--job-id', '3', '--raw', '--subdir', 'DAGS_FOLDER/mayo_pipeline.py', '--cfg-path', '/tmp/tmp6m39pn65']
[2025-09-19T16:28:15.749+0000] {standard_task_runner.py:91} INFO - Job 3: Subtask etl_vitals
[2025-09-19T16:28:15.818+0000] {task_command.py:426} INFO - Running <TaskInstance: mayo_pipeline.etl_vitals manual__2025-09-19T16:28:14.419646+00:00 [running]> on host ff389c3b28cc
[2025-09-19T16:28:15.915+0000] {taskinstance.py:2648} INFO - Exporting env vars: AIRFLOW_CTX_DAG_OWNER='you' AIRFLOW_CTX_DAG_ID='mayo_pipeline' AIRFLOW_CTX_TASK_ID='etl_vitals' AIRFLOW_CTX_EXECUTION_DATE='2025-09-19T16:28:14.419646+00:00' AIRFLOW_CTX_TRY_NUMBER='1' AIRFLOW_CTX_DAG_RUN_ID='manual__2025-09-19T16:28:14.419646+00:00'
[2025-09-19T16:28:15.916+0000] {taskinstance.py:430} INFO - ::endgroup::
[2025-09-19T16:28:15.943+0000] {subprocess.py:63} INFO - Tmp dir root location: /tmp
[2025-09-19T16:28:15.944+0000] {subprocess.py:75} INFO - Running command: ['/usr/bin/bash', '-c', "/bin/bash -lc 'set -euo pipefail; cd /opt/project && python etl/flatten_mimic_vitals.py'"]
[2025-09-19T16:28:15.954+0000] {subprocess.py:86} INFO - Output:
[2025-09-19T16:28:17.934+0000] {subprocess.py:93} INFO - Wrote 1,996 rows to /opt/project/data/interim/observations.csv
[2025-09-19T16:28:18.023+0000] {subprocess.py:97} INFO - Command exited with return code 0
[2025-09-19T16:28:18.024+0000] {taskinstance.py:441} INFO - ::group::Post task execution logs
[2025-09-19T16:28:18.182+0000] {taskinstance.py:1206} INFO - Marking task as SUCCESS. dag_id=mayo_pipeline, task_id=etl_vitals, run_id=manual__2025-09-19T16:28:14.419646+00:00, execution_date=20250919T162814, start_date=20250919T162815, end_date=20250919T162818
[2025-09-19T16:28:18.213+0000] {local_task_job_runner.py:240} INFO - Task exited with return code 0
[2025-09-19T16:28:18.233+0000] {taskinstance.py:3503} INFO - 0 downstream tasks scheduled from follow-on schedule check
[2025-09-19T16:28:18.238+0000] {local_task_job_runner.py:222} INFO - ::endgroup::
